# JRE version: OpenJDK Runtime Environment (8.0_191-b12) (build 1.8.0_191-8u191-b12-2ubuntu0.16.04.1-b12)
# Java VM: OpenJDK 64-Bit Server VM (25.191-b12 mixed mode linux-amd64 compressed oops)
Heap:
 garbage-first heap   total 262144K, used 137717K [0x00000000c0000000, 0x00000000c0100800, 0x0000000100000000)
  region size 1024K, 18 young (18432K), 5 survivors (5120K)
 Metaspace       used 127372K, capacity 138376K, committed 139032K, reserved 1169408K
  class space    used 15359K, capacity 18544K, committed 18712K, reserved 1048576K
GC Heap History (10 events):
Event: 1874.256 GC heap before
{Heap before GC invocations=496 (full 0):
 garbage-first heap   total 262144K, used 227970K [0x00000000c0000000, 0x00000000c0100800, 0x0000000100000000)
  region size 1024K, 123 young (125952K), 4 survivors (4096K)
 Metaspace       used 126378K, capacity 137606K, committed 137880K, reserved 1169408K
  class space    used 15249K, capacity 18485K, committed 18584K, reserved 1048576K
Event: 1874.261 GC heap after
Heap after GC invocations=497 (full 0):
 garbage-first heap   total 262144K, used 104951K [0x00000000c0000000, 0x00000000c0100800, 0x0000000100000000)
  region size 1024K, 4 young (4096K), 4 survivors (4096K)
 Metaspace       used 126378K, capacity 137606K, committed 137880K, reserved 1169408K
  class space    used 15249K, capacity 18485K, committed 18584K, reserved 1048576K
}
Event: 1925.963 GC heap before
{Heap before GC invocations=497 (full 0):
 garbage-first heap   total 262144K, used 226807K [0x00000000c0000000, 0x00000000c0100800, 0x0000000100000000)
  region size 1024K, 123 young (125952K), 4 survivors (4096K)
 Metaspace       used 126447K, capacity 137606K, committed 137880K, reserved 1169408K
  class space    used 15253K, capacity 18485K, committed 18584K, reserved 1048576K
Event: 1925.967 GC heap after
Heap after GC invocations=498 (full 0):
 garbage-first heap   total 262144K, used 105302K [0x00000000c0000000, 0x00000000c0100800, 0x0000000100000000)
  region size 1024K, 4 young (4096K), 4 survivors (4096K)
 Metaspace       used 126447K, capacity 137606K, committed 137880K, reserved 1169408K
  class space    used 15253K, capacity 18485K, committed 18584K, reserved 1048576K
}
Event: 1940.193 GC heap before
{Heap before GC invocations=498 (full 0):
 garbage-first heap   total 262144K, used 227158K [0x00000000c0000000, 0x00000000c0100800, 0x0000000100000000)
  region size 1024K, 123 young (125952K), 4 survivors (4096K)
 Metaspace       used 126511K, capacity 137670K, committed 138136K, reserved 1169408K
  class space    used 15254K, capacity 18485K, committed 18584K, reserved 1048576K
Event: 1940.198 GC heap after
Heap after GC invocations=499 (full 0):
 garbage-first heap   total 262144K, used 105753K [0x00000000c0000000, 0x00000000c0100800, 0x0000000100000000)
  region size 1024K, 5 young (5120K), 5 survivors (5120K)
 Metaspace       used 126511K, capacity 137670K, committed 138136K, reserved 1169408K
  class space    used 15254K, capacity 18485K, committed 18584K, reserved 1048576K
}
Event: 2312.564 GC heap before
{Heap before GC invocations=499 (full 0):
 garbage-first heap   total 262144K, used 225561K [0x00000000c0000000, 0x00000000c0100800, 0x0000000100000000)
  region size 1024K, 122 young (124928K), 5 survivors (5120K)
 Metaspace       used 126538K, capacity 137670K, committed 138136K, reserved 1169408K
  class space    used 15254K, capacity 18485K, committed 18584K, reserved 1048576K
Event: 2312.570 GC heap after
Heap after GC invocations=500 (full 0):
 garbage-first heap   total 262144K, used 105559K [0x00000000c0000000, 0x00000000c0100800, 0x0000000100000000)
  region size 1024K, 5 young (5120K), 5 survivors (5120K)
 Metaspace       used 126538K, capacity 137670K, committed 138136K, reserved 1169408K
  class space    used 15254K, capacity 18485K, committed 18584K, reserved 1048576K
}
Event: 2453.930 GC heap before
{Heap before GC invocations=500 (full 0):
 garbage-first heap   total 262144K, used 226628K [0x00000000c0000000, 0x00000000c0100800, 0x0000000100000000)
  region size 1024K, 114 young (116736K), 5 survivors (5120K)
 Metaspace       used 127323K, capacity 138476K, committed 138776K, reserved 1169408K
  class space    used 15358K, capacity 18570K, committed 18712K, reserved 1048576K
Event: 2453.938 GC heap after
Heap after GC invocations=501 (full 0):
 garbage-first heap   total 262144K, used 106710K [0x00000000c0000000, 0x00000000c0100800, 0x0000000100000000)
  region size 1024K, 5 young (5120K), 5 survivors (5120K)
 Metaspace       used 127323K, capacity 138476K, committed 138776K, reserved 1169408K
  class space    used 15358K, capacity 18570K, committed 18712K, reserved 1048576K
}

